/*C3*/SET SCHEMA PUBLIC
CONNECT USER SA
INSERT INTO EMPLEADO VALUES('12345678A','Pedro Jes\u00fas',FALSE,1)
INSERT INTO EMPLEADO VALUES('23456789B','Andr\u00e9s Miguel',TRUE,2)
INSERT INTO EMPLEADO VALUES('34567890C','Juan Jose',FALSE,3)
INSERT INTO CLIENTE VALUES('45678901C','Emilio Palacios','C/ Del Mar, 4','Valencia','46123','1985-05-29 00:00:00.000000000','1122334455',8,2019,123,'Visa')
INSERT INTO CLIENTE VALUES('56789012C','Jaime Sevilla','C/ Del Poeta, 24','Valencia','46123','1985-03-29 00:00:00.000000000','1122334466',8,2019,122,'Visa')
INSERT INTO CLIENTE VALUES('67890123C','Jorge Puerto','C/ Explorador Garcia, 15','Valencia','46123','1988-03-21 00:00:00.000000000','4422334466',8,2019,122,'Visa')
INSERT INTO COCHE VALUES('ABC2233',450.0E0,2,'coche gama alta','luxury')
INSERT INTO COCHE VALUES('ABC2255',2250.0E0,NULL,'coche gama baja','economy')
INSERT INTO RESERVA VALUES(1,'2015-11-26 00:00:00.000000000','2015-11-30 00:00:00.000000000','0','luxury','45678901C',1,2)
INSERT INTO RESERVA VALUES(2,'2015-12-12 00:00:00.000000000','2015-12-15 00:00:00.000000000','0','sed\u00e1n','56789012C',3,1)
INSERT INTO RESERVA VALUES(3,'2015-12-08 00:00:00.000000000','2015-12-26 00:00:00.000000000','0','economy','67890123C',2,3)
INSERT INTO ENTREGA VALUES(1,'2015-11-26 00:00:00.000000000','todoriesgo',100.0E0,50.0E0,'ABC2233','12345678A')
INSERT INTO ENTREGA VALUES(3,'2015-12-08 00:00:00.000000000','todoriesgo',2250.0E0,50.0E0,'ABC2255','23456789B')
INSERT INTO DEVOLUCION VALUES(1,'2015-11-30 00:00:00.000000000',595.0E0,TRUE,450.0E0,50.0E0,'23456789B')
INSERT INTO COCHE VALUES('ABC2244',1450.0E0,NULL,'coche gama media','sed\u00e1n')
SET AUTOCOMMIT FALSE
DELETE FROM COCHE WHERE MATRICULA='ABC2244'
INSERT INTO COCHE VALUES('ABC2244',1450.0E0,3,'coche gama media','sed\u00e1n')
SET AUTOCOMMIT TRUE
DISCONNECT
/*C4*/SET SCHEMA PUBLIC
CONNECT USER SA
DISCONNECT
/*C5*/SET SCHEMA PUBLIC
CONNECT USER SA
DISCONNECT
